This is pdfTeX, Version 3.1415926-2.5-1.40.14 (TeX Live 2013) (format=pdflatex 2013.5.30)  12 MAY 2014 08:14
entering extended mode
 restricted \write18 enabled.
 %&-line parsing enabled.
**AFGMiner.tex
(./AFGMiner.tex
LaTeX2e <2011/06/27>
Babel <3.9f> and hyphenation patterns for 78 languages loaded.
(./acm_proc_article-sp.cls
(/usr/local/texlive/2013/texmf-dist/tex/latex/graphics/epsfig.sty
Package: epsfig 1999/02/16 v1.7a (e)psfig emulation (SPQR)

(/usr/local/texlive/2013/texmf-dist/tex/latex/graphics/graphicx.sty
Package: graphicx 1999/02/16 v1.0f Enhanced LaTeX Graphics (DPC,SPQR)

(/usr/local/texlive/2013/texmf-dist/tex/latex/graphics/keyval.sty
Package: keyval 1999/03/16 v1.13 key=value parser (DPC)
\KV@toks@=\toks14
)
(/usr/local/texlive/2013/texmf-dist/tex/latex/graphics/graphics.sty
Package: graphics 2009/02/05 v1.0o Standard LaTeX Graphics (DPC,SPQR)

(/usr/local/texlive/2013/texmf-dist/tex/latex/graphics/trig.sty
Package: trig 1999/03/16 v1.09 sin cos tan (DPC)
)
(/usr/local/texlive/2013/texmf-dist/tex/latex/latexconfig/graphics.cfg
File: graphics.cfg 2010/04/23 v1.9 graphics configuration of TeX Live
)
Package graphics Info: Driver file: pdftex.def on input line 91.

(/usr/local/texlive/2013/texmf-dist/tex/latex/pdftex-def/pdftex.def
File: pdftex.def 2011/05/27 v0.06d Graphics/color for pdfTeX

(/usr/local/texlive/2013/texmf-dist/tex/generic/oberdiek/infwarerr.sty
Package: infwarerr 2010/04/08 v1.3 Providing info/warning/error messages (HO)
)
(/usr/local/texlive/2013/texmf-dist/tex/generic/oberdiek/ltxcmds.sty
Package: ltxcmds 2011/11/09 v1.22 LaTeX kernel commands for general use (HO)
)
\Gread@gobject=\count79
))
\Gin@req@height=\dimen102
\Gin@req@width=\dimen103
)
\epsfxsize=\dimen104
\epsfysize=\dimen105
)
(/usr/local/texlive/2013/texmf-dist/tex/latex/amsfonts/amssymb.sty
Package: amssymb 2013/01/14 v3.01 AMS font symbols

(/usr/local/texlive/2013/texmf-dist/tex/latex/amsfonts/amsfonts.sty
Package: amsfonts 2013/01/14 v3.01 Basic AMSFonts support
\@emptytoks=\toks15
\symAMSa=\mathgroup4
\symAMSb=\mathgroup5
LaTeX Font Info:    Overwriting math alphabet `\mathfrak' in version `bold'
(Font)                  U/euf/m/n --> U/euf/b/n on input line 106.
))
(/usr/local/texlive/2013/texmf-dist/tex/latex/amsmath/amsmath.sty
Package: amsmath 2013/01/14 v2.14 AMS math features
\@mathmargin=\skip41

For additional information on amsmath, use the `?' option.
(/usr/local/texlive/2013/texmf-dist/tex/latex/amsmath/amstext.sty
Package: amstext 2000/06/29 v2.01

(/usr/local/texlive/2013/texmf-dist/tex/latex/amsmath/amsgen.sty
File: amsgen.sty 1999/11/30 v2.0
\@emptytoks=\toks16
\ex@=\dimen106
))
(/usr/local/texlive/2013/texmf-dist/tex/latex/amsmath/amsbsy.sty
Package: amsbsy 1999/11/29 v1.2d
\pmbraise@=\dimen107
)
(/usr/local/texlive/2013/texmf-dist/tex/latex/amsmath/amsopn.sty
Package: amsopn 1999/12/14 v2.01 operator names
)
\inf@bad=\count80
LaTeX Info: Redefining \frac on input line 210.
\uproot@=\count81
\leftroot@=\count82
LaTeX Info: Redefining \overline on input line 306.
\classnum@=\count83
\DOTSCASE@=\count84
LaTeX Info: Redefining \ldots on input line 378.
LaTeX Info: Redefining \dots on input line 381.
LaTeX Info: Redefining \cdots on input line 466.
\Mathstrutbox@=\box26
\strutbox@=\box27
\big@size=\dimen108
LaTeX Font Info:    Redeclaring font encoding OML on input line 566.
LaTeX Font Info:    Redeclaring font encoding OMS on input line 567.
\macc@depth=\count85
\c@MaxMatrixCols=\count86
\dotsspace@=\muskip10
\c@parentequation=\count87
\dspbrk@lvl=\count88
\tag@help=\toks17
\row@=\count89
\column@=\count90
\maxfields@=\count91
\andhelp@=\toks18
\eqnshift@=\dimen109
\alignsep@=\dimen110
\tagshift@=\dimen111
\tagwidth@=\dimen112
\totwidth@=\dimen113
\lineht@=\dimen114
\@envbody=\toks19
\multlinegap=\skip42
\multlinetaggap=\skip43
\mathdisplay@stack=\toks20
LaTeX Info: Redefining \[ on input line 2665.
LaTeX Info: Redefining \] on input line 2666.
)
Document Class 'acm_proc_article-sp' <22nd. April '09>. Modified by G.K.M. Tobi
n
Based in part upon document Style `acmconf' <22 May 89>. Hacked 4/91 by
shivers@cs.cmu.edu, 4/93 by theobald@cs.mcgill.ca
Excerpts were taken from (Journal Style) 'esub2acm.cls'.
****** Bugs/comments/suggestions to Gerry Murray -- murray@hq.acm.org ******
\footheight=\dimen115
\@maxsep=\dimen116
\@dblmaxsep=\dimen117
\aucount=\count92
\originalaucount=\count93
\auwidth=\dimen118
\auskip=\dimen119
\auskipcount=\count94
\auskip=\dimen120
\allauboxes=\dimen121
\addauthors=\toks21
\addauflag=\count95
\subtitletext=\toks22
\savesection=\count96
\sectioncntr=\count97
\c@figure=\count98
\c@table=\count99
\titleboxnotes=\toks23
\titleboxnoteflag=\count100
Document Class: acm_proc_article-sp 2009/04/22 - V3.2SP - based on esub2acm.sty
 <23 April 96>
(/usr/local/texlive/2013/texmf-dist/tex/latex/base/latexsym.sty
Package: latexsym 1998/08/17 v2.2e Standard LaTeX package (lasy symbols)
\symlasy=\mathgroup6
LaTeX Font Info:    Overwriting symbol font `lasy' in version `bold'
(Font)                  U/lasy/m/n --> U/lasy/b/n on input line 47.
)
\@acmtitlebox=\box28
\titlenotecount=\count101
\tntoks=\toks24
\tntokstwo=\toks25
\tntoksthree=\toks26
\tntoksfour=\toks27
\tntoksfive=\toks28
\catcount=\count102
\copyrightnotice=\toks29
\conf=\toks30
\confinfo=\toks31
\c@part=\count103
\c@section=\count104
\c@subsection=\count105
\c@subsubsection=\count106
\c@paragraph=\count107

Using 'Abbrev' bibliography style
LaTeX Info: Redefining \cite on input line 1236.
\bibindent=\dimen122
\colcntr=\count108
\saveb@x=\box29
\copyrtyr=\toks32
\acmcopyr=\toks33
\boilerplate=\toks34
\copyrightetc=\toks35
(/usr/local/texlive/2013/texmf-dist/tex/latex/base/fontenc.sty
Package: fontenc 2005/09/27 v1.99g Standard LaTeX package

(/usr/local/texlive/2013/texmf-dist/tex/latex/base/t1enc.def
File: t1enc.def 2005/09/27 v1.99g Standard LaTeX file
LaTeX Font Info:    Redeclaring font encoding T1 on input line 43.
)
LaTeX Font Info:    Try loading font information for T1+aer on input line 100.

(/usr/local/texlive/2013/texmf-dist/tex/latex/ae/t1aer.fd
File: t1aer.fd 1997/11/16 Font definitions for T1/aer.
)))
(/usr/local/texlive/2013/texmf-dist/tex/latex/graphics/color.sty
Package: color 2005/11/14 v1.0j Standard LaTeX Color (DPC)

(/usr/local/texlive/2013/texmf-dist/tex/latex/latexconfig/color.cfg
File: color.cfg 2007/01/18 v1.5 color configuration of teTeX/TeXLive
)
Package color Info: Driver file: pdftex.def on input line 130.
)
(/usr/local/texlive/2013/texmf-dist/tex/latex/base/inputenc.sty
Package: inputenc 2008/03/30 v1.1d Input encoding file
\inpenc@prehook=\toks36
\inpenc@posthook=\toks37

(/usr/local/texlive/2013/texmf-dist/tex/latex/base/latin1.def
File: latin1.def 2008/03/30 v1.1d Input encoding file
)) (./AFGMiner.aux)
\openout1 = `AFGMiner.aux'.

LaTeX Font Info:    Checking defaults for OML/cmm/m/it on input line 30.
LaTeX Font Info:    ... okay on input line 30.
LaTeX Font Info:    Checking defaults for T1/cmr/m/n on input line 30.
LaTeX Font Info:    ... okay on input line 30.
LaTeX Font Info:    Checking defaults for OT1/cmr/m/n on input line 30.
LaTeX Font Info:    ... okay on input line 30.
LaTeX Font Info:    Checking defaults for OMS/cmsy/m/n on input line 30.
LaTeX Font Info:    ... okay on input line 30.
LaTeX Font Info:    Checking defaults for OMX/cmex/m/n on input line 30.
LaTeX Font Info:    ... okay on input line 30.
LaTeX Font Info:    Checking defaults for U/cmr/m/n on input line 30.
LaTeX Font Info:    ... okay on input line 30.
 (/usr/local/texlive/2013/texmf-dist/tex/context/base/supp-pdf.mkii
[Loading MPS to PDF converter (version 2006.09.02).]
\scratchcounter=\count109
\scratchdimen=\dimen123
\scratchbox=\box30
\nofMPsegments=\count110
\nofMParguments=\count111
\everyMPshowfont=\toks38
\MPscratchCnt=\count112
\MPscratchDim=\dimen124
\MPnumerator=\count113
\makeMPintoPDFobject=\count114
\everyMPtoPDFconversion=\toks39
) (/usr/local/texlive/2013/texmf-dist/tex/generic/oberdiek/pdftexcmds.sty
Package: pdftexcmds 2011/11/29 v0.20 Utility functions of pdfTeX for LuaTeX (HO
)

(/usr/local/texlive/2013/texmf-dist/tex/generic/oberdiek/ifluatex.sty
Package: ifluatex 2010/03/01 v1.3 Provides the ifluatex switch (HO)
Package ifluatex Info: LuaTeX not detected.
)
(/usr/local/texlive/2013/texmf-dist/tex/generic/oberdiek/ifpdf.sty
Package: ifpdf 2011/01/30 v2.3 Provides the ifpdf switch (HO)
Package ifpdf Info: pdfTeX in PDF mode is detected.
)
Package pdftexcmds Info: LuaTeX not detected.
Package pdftexcmds Info: \pdf@primitive is available.
Package pdftexcmds Info: \pdf@ifprimitive is available.
Package pdftexcmds Info: \pdfdraftmode found.
)
(/usr/local/texlive/2013/texmf-dist/tex/latex/oberdiek/epstopdf-base.sty
Package: epstopdf-base 2010/02/09 v2.5 Base part for package epstopdf

(/usr/local/texlive/2013/texmf-dist/tex/latex/oberdiek/grfext.sty
Package: grfext 2010/08/19 v1.1 Manage graphics extensions (HO)

(/usr/local/texlive/2013/texmf-dist/tex/generic/oberdiek/kvdefinekeys.sty
Package: kvdefinekeys 2011/04/07 v1.3 Define keys (HO)
))
(/usr/local/texlive/2013/texmf-dist/tex/latex/oberdiek/kvoptions.sty
Package: kvoptions 2011/06/30 v3.11 Key value format for package options (HO)

(/usr/local/texlive/2013/texmf-dist/tex/generic/oberdiek/kvsetkeys.sty
Package: kvsetkeys 2012/04/25 v1.16 Key value parser (HO)

(/usr/local/texlive/2013/texmf-dist/tex/generic/oberdiek/etexcmds.sty
Package: etexcmds 2011/02/16 v1.5 Avoid name clashes with e-TeX commands (HO)
Package etexcmds Info: Could not find \expanded.
(etexcmds)             That can mean that you are not using pdfTeX 1.50 or
(etexcmds)             that some package has redefined \expanded.
(etexcmds)             In the latter case, load this package earlier.
)))
Package grfext Info: Graphics extension search list:
(grfext)             [.png,.pdf,.jpg,.mps,.jpeg,.jbig2,.jb2,.PNG,.PDF,.JPG,.JPE
G,.JBIG2,.JB2,.eps]
(grfext)             \AppendGraphicsExtensions on input line 452.

(/usr/local/texlive/2013/texmf-dist/tex/latex/latexconfig/epstopdf-sys.cfg
File: epstopdf-sys.cfg 2010/07/13 v1.3 Configuration of (r)epstopdf for TeX Liv
e
))
LaTeX Font Info:    Try loading font information for U+msa on input line 33.

(/usr/local/texlive/2013/texmf-dist/tex/latex/amsfonts/umsa.fd
File: umsa.fd 2013/01/14 v3.01 AMS symbols A
)
LaTeX Font Info:    Try loading font information for U+msb on input line 33.

(/usr/local/texlive/2013/texmf-dist/tex/latex/amsfonts/umsb.fd
File: umsb.fd 2013/01/14 v3.01 AMS symbols B
)
LaTeX Font Info:    Try loading font information for U+lasy on input line 33.

(/usr/local/texlive/2013/texmf-dist/tex/latex/base/ulasy.fd
File: ulasy.fd 1998/08/17 v2.2e LaTeX symbol font definitions
) [1

{/usr/local/texlive/2013/texmf-var/fonts/map/pdftex/updmap/pdftex.map}

]
Overfull \hbox (23.68762pt too wide) in paragraph at lines 75--78
\T1/aer/m/it/9 Database Ap-pli-ca-tions,Data Min-ing\T1/aer/m/n/9 ; I.2.8 [\T1/
aer/bx/n/9 Computing Method-
 []

(./text/Introduction.tex
Overfull \hbox (2.80951pt too wide) in paragraph at lines 3--4
\T1/aer/m/n/9 (\T1/aer/m/it/9 e.g., \T1/aer/m/n/9 dig-i-tal data, goods, elec-t
ric cur-rent) that travel through
 []

<figures/attributed_flow_graph_descpr.pdf, id=7, 722.7pt x 542.025pt>
File: figures/attributed_flow_graph_descpr.pdf Graphic file (type pdf)

<use figures/attributed_flow_graph_descpr.pdf>
Package pdftex.def Info: figures/attributed_flow_graph_descpr.pdf used on input
 line 9.
(pdftex.def)             Requested size: 130.08038pt x 97.56029pt.

<figures/attributed_flow_graph3.pdf, id=8, 542.025pt x 722.7pt>
File: figures/attributed_flow_graph3.pdf Graphic file (type pdf)

<use figures/attributed_flow_graph3.pdf>
Package pdftex.def Info: figures/attributed_flow_graph3.pdf used on input line 
10.
(pdftex.def)             Requested size: 97.56029pt x 130.08038pt.

Overfull \hbox (9.24065pt too wide) in paragraph at lines 7--13
 [][] 
 []

[2

 <./figures/attributed_flow_graph_descpr.pdf> <./figures/attributed_flow_graph3
.pdf>]
<figures/attributed_flow_graph_airport2.pdf, id=89, 722.7pt x 542.025pt>
File: figures/attributed_flow_graph_airport2.pdf Graphic file (type pdf)

<use figures/attributed_flow_graph_airport2.pdf>
Package pdftex.def Info: figures/attributed_flow_graph_airport2.pdf used on inp
ut line 22.
(pdftex.def)             Requested size: 216.81166pt x 162.60875pt.

<figures/figure3.pdf, id=90, 1027.84pt x 770.88pt>
File: figures/figure3.pdf Graphic file (type pdf)
 <use figures/figure3.pdf>
Package pdftex.def Info: figures/figure3.pdf used on input line 32.
(pdftex.def)             Requested size: 205.56436pt x 154.17326pt.


LaTeX Warning: `!h' float specifier changed to `!ht'.


Overfull \hbox (26.10492pt too wide) in paragraph at lines 41--42
[]\T1/aer/m/n/9 Different ap-pli-ca-tions may ben-e-fit from us-ing dif-fer-ent
, application-
 []


Overfull \hbox (3.52518pt too wide) in paragraph at lines 45--46
\T1/aer/m/n/9 al-go-rithm pro-posed by \T1/aer/m/it/9 Jocksch et al. \T1/aer/m/
n/9 [15]. How-ever, FlowGSP
 []

[3 <./figures/attributed_flow_graph_airport2.pdf> <./figures/figure3.pdf>]
Overfull \hbox (1.97733pt too wide) in paragraph at lines 59--60
[]\T1/aer/m/n/9 Complexity and scal-a-bil-ity anal-y-sis of AFG-Miner, com-
 []

) (./text/ProblemDefinition.tex
Overfull \hbox (23.35677pt too wide) in paragraph at lines 6--7
\OML/cmm/m/it/9 DS$ \T1/aer/m/n/9 of AFGs, is de-fined as $\OML/cmm/m/it/9 G \O
T1/cmr/m/n/9 = \OMS/cmsy/m/n/9 h\OML/cmm/m/it/9 V; E; A; ; w[]; w[]; w[]; l=ra
ngle$
 []

<figures/match_example.pdf, id=156, 959.585pt x 412.54124pt>
File: figures/match_example.pdf Graphic file (type pdf)

<use figures/match_example.pdf>
Package pdftex.def Info: figures/match_example.pdf used on input line 39.
(pdftex.def)             Requested size: 239.89566pt x 103.13506pt.
) (./text/AFGMiner.tex [4 <./figures/match_example.pdf>] [5] <figures/example_0
-edge.pdf, id=178, 722.7pt x 542.025pt>
File: figures/example_0-edge.pdf Graphic file (type pdf)

<use figures/example_0-edge.pdf>
Package pdftex.def Info: figures/example_0-edge.pdf used on input line 74.
(pdftex.def)             Requested size: 144.53743pt x 108.40308pt.

<figures/example_0-edge_2-attribute.pdf, id=179, 722.7pt x 542.025pt>
File: figures/example_0-edge_2-attribute.pdf Graphic file (type pdf)

<use figures/example_0-edge_2-attribute.pdf>
Package pdftex.def Info: figures/example_0-edge_2-attribute.pdf used on input l
ine 81.
(pdftex.def)             Requested size: 144.53743pt x 108.40308pt.

<figures/example_1-edge.pdf, id=180, 722.7pt x 542.025pt>
File: figures/example_1-edge.pdf Graphic file (type pdf)

<use figures/example_1-edge.pdf>
Package pdftex.def Info: figures/example_1-edge.pdf used on input line 88.
(pdftex.def)             Requested size: 144.53743pt x 108.40308pt.

<figures/example_1-edge_2-attribute.pdf, id=181, 722.7pt x 542.025pt>
File: figures/example_1-edge_2-attribute.pdf Graphic file (type pdf)

<use figures/example_1-edge_2-attribute.pdf>
Package pdftex.def Info: figures/example_1-edge_2-attribute.pdf used on input l
ine 95.
(pdftex.def)             Requested size: 144.53743pt x 108.40308pt.


LaTeX Warning: `!h' float specifier changed to `!ht'.

<figures/example_2-edge.pdf, id=182, 722.7pt x 542.025pt>
File: figures/example_2-edge.pdf Graphic file (type pdf)

<use figures/example_2-edge.pdf>
Package pdftex.def Info: figures/example_2-edge.pdf used on input line 102.
(pdftex.def)             Requested size: 144.53743pt x 108.40308pt.


LaTeX Warning: `!h' float specifier changed to `!ht'.

) (./text/Improvements.tex [6 <./figures/example_0-edge.pdf> <./figures/example
_0-edge_2-attribute.pdf> <./figures/example_1-edge.pdf>]) (./text/pAFGMiner.tex
<figures/WorkDistributionHeuristic.pdf, id=240, 722.7pt x 542.025pt>
File: figures/WorkDistributionHeuristic.pdf Graphic file (type pdf)

<use figures/WorkDistributionHeuristic.pdf>
Package pdftex.def Info: figures/WorkDistributionHeuristic.pdf used on input li
ne 17.
(pdftex.def)             Requested size: 144.53743pt x 108.40308pt.

Underfull \hbox (badness 1721) in paragraph at lines 18--18
[]\T1/aer/bx/n/9 Figure 10: Il-lus-tra-tion of pat-tern dis-tri-bu-tion
 []

) (./text/CaseStudies.tex
Overfull \hbox (1.76773pt too wide) in paragraph at lines 1--2
\T1/aer/m/n/9 The pro-cess of op-ti-miz-ing com-puter sys-tems, com-pil-ers, co
m-
 []

[7 <./figures/example_1-edge_2-attribute.pdf> <./figures/example_2-edge.pdf> <.
/figures/WorkDistributionHeuristic.pdf>]
Overfull \hbox (3.02971pt too wide) in paragraph at lines 3--4
\T1/aer/m/n/9 Thus, the \T1/aer/bx/n/9 Profile-based Pro-gram Anal-y-sis \T1/ae
r/m/n/9 (PBPA) prob-
 []

) (./text/HEPMiner.tex [8]) (./text/SCPMiner.tex) (./text/Methodology.tex
LaTeX Font Info:    Try loading font information for OMS+aer on input line 4.

(/usr/local/texlive/2013/texmf-dist/tex/latex/ae/omsaer.fd
File: omsaer.fd 1999/12/27
)
LaTeX Font Info:    Font shape `OMS/aer/m/n' in size <9> not available
(Font)              Font shape `OMS/cmsy/m/n' tried instead on input line 4.
 [9])
(./text/Evaluation.tex
Overfull \hbox (8.61174pt too wide) in paragraph at lines 7--8
[]\T1/aer/m/n/9 We also com-pared pat-terns found by AFG-Miner and FlowGSP.
 []

<figures/numPatternsComp.pdf, id=300, 1406.25375pt x 1059.96pt>
File: figures/numPatternsComp.pdf Graphic file (type pdf)

<use figures/numPatternsComp.pdf>
Package pdftex.def Info: figures/numPatternsComp.pdf used on input line 11.
(pdftex.def)             Requested size: 210.92896pt x 158.98714pt.


LaTeX Warning: `!h' float specifier changed to `!ht'.

[10] <figures/plot2.pdf, id=304, 796.9775pt x 597.23125pt>
File: figures/plot2.pdf Graphic file (type pdf)

<use figures/plot2.pdf>
Package pdftex.def Info: figures/plot2.pdf used on input line 23.
(pdftex.def)             Requested size: 318.78534pt x 238.88826pt.

Overfull \hbox (78.78534pt too wide) in paragraph at lines 23--24
 [][] 
 []


LaTeX Warning: `!h' float specifier changed to `!ht'.

<figures/plot1.pdf, id=305, 512.73659pt x 331.28366pt>
File: figures/plot1.pdf Graphic file (type pdf)
 <use figures/plot1.pdf>
Package pdftex.def Info: figures/plot1.pdf used on input line 30.
(pdftex.def)             Requested size: 205.091pt x 132.51111pt.


LaTeX Warning: `!h' float specifier changed to `!ht'.

) (./text/Qualitative.tex
Overfull \hbox (3.62534pt too wide) in paragraph at lines 5--6
\T1/aer/m/n/9 that has in-struc-tion cache misses as one of its at-tributes.
 []


Overfull \hbox (13.90114pt too wide) in paragraph at lines 7--8
[]\T1/aer/m/n/9 An at-tribute that rep-re-sents a non-taken, correct-direction
 []

[11 <./figures/numPatternsComp.pdf> <./figures/plot2.pdf> <./figures/plot1.pdf>
]
Overfull \hbox (8.45685pt too wide) in paragraph at lines 17--18
\T1/aer/m/n/9 SCP-Miner presents mixed re-sults, not com-pletely aligned
 []

) (./text/Related.tex) (./text/Conclusion.tex
Underfull \vbox (badness 3049) has occurred while \output is active []

 [12])
(./AFGMiner.bbl
Overfull \hbox (25.44974pt too wide) in paragraph at lines 4--6
\T1/aer/m/n/9 http://www.redbooks.ibm.com/redpieces/pdfs/sg247832.pdf.  
 []

) [13] (./AFGMiner.aux) ) 
Here is how much of TeX's memory you used:
 3051 strings out of 493315
 40671 string characters out of 6137904
 105403 words of memory out of 5000000
 6367 multiletter control sequences out of 15000+600000
 49468 words of font info for 67 fonts, out of 8000000 for 9000
 957 hyphenation exceptions out of 8191
 41i,13n,28p,1806b,312s stack positions out of 5000i,500n,10000p,200000b,80000s
{/usr/local/texlive/2013/texmf-dist/fonts/enc/dvips/ba
se/8r.enc}</usr/local/texlive/2013/texmf-dist/fonts/type1/public/amsfonts/cm/cm
bx9.pfb></usr/local/texlive/2013/texmf-dist/fonts/type1/public/amsfonts/cm/cmmi
5.pfb></usr/local/texlive/2013/texmf-dist/fonts/type1/public/amsfonts/cm/cmmi6.
pfb></usr/local/texlive/2013/texmf-dist/fonts/type1/public/amsfonts/cm/cmmi9.pf
b></usr/local/texlive/2013/texmf-dist/fonts/type1/public/amsfonts/cm/cmr5.pfb><
/usr/local/texlive/2013/texmf-dist/fonts/type1/public/amsfonts/cm/cmr6.pfb></us
r/local/texlive/2013/texmf-dist/fonts/type1/public/amsfonts/cm/cmr9.pfb></usr/l
ocal/texlive/2013/texmf-dist/fonts/type1/public/amsfonts/cm/cmsy5.pfb></usr/loc
al/texlive/2013/texmf-dist/fonts/type1/public/amsfonts/cm/cmsy6.pfb></usr/local
/texlive/2013/texmf-dist/fonts/type1/public/amsfonts/cm/cmsy9.pfb></usr/local/t
exlive/2013/texmf-dist/fonts/type1/public/amsfonts/cm/cmti9.pfb></usr/local/tex
live/2013/texmf-dist/fonts/type1/urw/helvetic/uhvb8a.pfb></usr/local/texlive/20
13/texmf-dist/fonts/type1/urw/helvetic/uhvr8a.pfb></usr/local/texlive/2013/texm
f-dist/fonts/type1/urw/times/utmb8a.pfb>
Output written on AFGMiner.pdf (13 pages, 720572 bytes).
PDF statistics:
 386 PDF objects out of 1000 (max. 8388607)
 265 compressed objects within 3 object streams
 0 named destinations out of 1000 (max. 500000)
 71 words of extra memory for PDF output out of 10000 (max. 10000000)

